<?xml version="1.0" encoding="UTF-8"?>
<testng-results ignored="0" total="1" passed="1" failed="0" skipped="0">
  <reporter-output>
  </reporter-output>
  <suite started-at="2025-09-17T13:08:16 IST" name="Suite" finished-at="2025-09-17T13:08:37 IST" duration-ms="21161">
    <groups>
    </groups>
    <test started-at="2025-09-17T13:08:16 IST" name="Test" finished-at="2025-09-17T13:08:37 IST" duration-ms="21161">
      <class name="com.mystore.testcase.TC_AccountCreationDetailsTest">
        <test-method is-config="true" signature="BS()[pri:0, instance:com.mystore.testcase.TC_AccountCreationDetailsTest@1b765a2c]" started-at="2025-09-17T13:08:14 IST" name="BS" finished-at="2025-09-17T13:08:16 IST" duration-ms="1054" status="PASS">
          <reporter-output>
          </reporter-output>
        </test-method> <!-- BS -->
        <test-method is-config="true" signature="setup(java.lang.String)[pri:0, instance:com.mystore.testcase.TC_AccountCreationDetailsTest@1b765a2c]" started-at="2025-09-17T13:08:16 IST" name="setup" finished-at="2025-09-17T13:08:18 IST" duration-ms="2814" status="PASS">
          <params>
            <param index="0">
              <value>
                <![CDATA[chrome]]>
              </value>
            </param>
          </params>
          <reporter-output>
          </reporter-output>
        </test-method> <!-- setup -->
        <test-method signature="accountDetails()[pri:0, instance:com.mystore.testcase.TC_AccountCreationDetailsTest@1b765a2c]" started-at="2025-09-17T13:08:18 IST" name="accountDetails" finished-at="2025-09-17T13:08:37 IST" duration-ms="18244" status="PASS">
          <reporter-output>
          </reporter-output>
        </test-method> <!-- accountDetails -->
        <test-method is-config="true" signature="tearDown()[pri:0, instance:com.mystore.testcase.TC_AccountCreationDetailsTest@1b765a2c]" started-at="2025-09-17T13:08:37 IST" name="tearDown" finished-at="2025-09-17T13:08:37 IST" duration-ms="5" status="PASS">
          <reporter-output>
          </reporter-output>
        </test-method> <!-- tearDown -->
      </class> <!-- com.mystore.testcase.TC_AccountCreationDetailsTest -->
    </test> <!-- Test -->
  </suite> <!-- Suite -->
</testng-results>
