<?xml version="1.0" encoding="UTF-8"?>
<testng-results ignored="0" total="1" passed="1" failed="0" skipped="0">
  <reporter-output>
  </reporter-output>
  <suite started-at="2025-09-17T10:29:39 IST" name="Suite" finished-at="2025-09-17T10:30:02 IST" duration-ms="23164">
    <groups>
    </groups>
    <test started-at="2025-09-17T10:29:39 IST" name="Test" finished-at="2025-09-17T10:30:02 IST" duration-ms="23164">
      <class name="com.mystore.testcase.TC_AccountCreationDetailsTest">
        <test-method is-config="true" signature="BS()[pri:0, instance:com.mystore.testcase.TC_AccountCreationDetailsTest@2e8e8225]" started-at="2025-09-17T10:29:38 IST" name="BS" finished-at="2025-09-17T10:29:39 IST" duration-ms="1118" status="PASS">
          <reporter-output>
          </reporter-output>
        </test-method> <!-- BS -->
        <test-method is-config="true" signature="setup(java.lang.String)[pri:0, instance:com.mystore.testcase.TC_AccountCreationDetailsTest@2e8e8225]" started-at="2025-09-17T10:29:39 IST" name="setup" finished-at="2025-09-17T10:29:45 IST" duration-ms="5573" status="PASS">
          <params>
            <param index="0">
              <value>
                <![CDATA[chrome]]>
              </value>
            </param>
          </params>
          <reporter-output>
          </reporter-output>
        </test-method> <!-- setup -->
        <test-method signature="accountDetails()[pri:0, instance:com.mystore.testcase.TC_AccountCreationDetailsTest@2e8e8225]" started-at="2025-09-17T10:29:45 IST" name="accountDetails" finished-at="2025-09-17T10:30:02 IST" duration-ms="17499" status="PASS">
          <reporter-output>
          </reporter-output>
        </test-method> <!-- accountDetails -->
        <test-method is-config="true" signature="tearDown()[pri:0, instance:com.mystore.testcase.TC_AccountCreationDetailsTest@2e8e8225]" started-at="2025-09-17T10:30:02 IST" name="tearDown" finished-at="2025-09-17T10:30:02 IST" duration-ms="2" status="PASS">
          <reporter-output>
          </reporter-output>
        </test-method> <!-- tearDown -->
      </class> <!-- com.mystore.testcase.TC_AccountCreationDetailsTest -->
    </test> <!-- Test -->
  </suite> <!-- Suite -->
</testng-results>
